<?xml version="1.0" encoding="UTF-8"?>
<!-- Generated by org.testng.reporters.JUnitReportReporter -->
<testsuite hostname="Phaedros" name="com.revature.charactertesting.CharacterSearchTest" tests="3" failures="0" timestamp="9 Feb 2020 04:38:44 GMT" time="5.660" errors="0">
  <testcase name="characterExists" time="2.111" classname="com.revature.charactertesting.CharacterSearchTest"/>
  <testcase name="characterExists" time="1.528" classname="com.revature.charactertesting.CharacterSearchTest"/>
  <testcase name="characterExists" time="2.021" classname="com.revature.charactertesting.CharacterSearchTest"/>
</testsuite> <!-- com.revature.charactertesting.CharacterSearchTest -->
