<?xml version="1.0" encoding="UTF-8"?>
<!-- Generated by org.testng.reporters.JUnitReportReporter -->
<testsuite hostname="Phaedros" name="com.revature.behaviortests.TestRunner" tests="2" failures="0" timestamp="9 Feb 2020 04:38:02 GMT" time="17.651" errors="0">
  <testcase name="feature" time="9.014" classname="com.revature.behaviortests.TestRunner"/>
  <testcase name="feature" time="8.637" classname="com.revature.behaviortests.TestRunner"/>
</testsuite> <!-- com.revature.behaviortests.TestRunner -->
