<?xml version="1.0" encoding="UTF-8"?>
<!-- Generated by org.testng.reporters.JUnitReportReporter -->
<testsuite skipped="0" hostname="LAPTOP-43MOIMNV" name="net.thomasmaestas.selenium.editortests.EditorTests" tests="1" failures="0" timestamp="20 Dec 2020 03:48:02 GMT" time="22.386" errors="0">
  <testcase name="defaultEditorValueTest" time="22.386" classname="net.thomasmaestas.selenium.editortests.EditorTests"/>
</testsuite> <!-- net.thomasmaestas.selenium.editortests.EditorTests -->
