<?xml version="1.0" encoding="UTF-8"?>
<!-- Generated by org.testng.reporters.JUnitReportReporter -->
<testsuite hostname="Dee-PC" failures="0" tests="1" name="com.herokuapp.theinternet.PositiveTests" time="8.469" errors="0" timestamp="13 Sep 2018 14:24:24 GMT" skipped="0">
  <testcase classname="com.herokuapp.theinternet.PositiveTests" name="logInTest" time="8.469"/>
</testsuite> <!-- com.herokuapp.theinternet.PositiveTests -->
