<?xml version="1.0" encoding="UTF-8"?>
<!-- Generated by org.testng.reporters.JUnitReportReporter -->
<testsuite skipped="0" hostname="LAPTOP-43MOIMNV" name="net.thomasmaestas.selenium.loginpagetests.NegativeLogInTests" tests="2" failures="0" timestamp="04 Jan 2021 03:09:38 GMT" time="30.144" errors="0">
  <testcase name="negativeTest" time="15.389" classname="net.thomasmaestas.selenium.loginpagetests.NegativeLogInTests"/>
  <testcase name="negativeTest" time="14.755" classname="net.thomasmaestas.selenium.loginpagetests.NegativeLogInTests"/>
</testsuite> <!-- net.thomasmaestas.selenium.loginpagetests.NegativeLogInTests -->
