<?xml version="1.0" encoding="UTF-8"?>
<!-- Generated by org.testng.reporters.JUnitReportReporter -->
<testsuite skipped="0" hostname="LAPTOP-43MOIMNV" name="net.thomasmaestas.selenium.loginpagetests.PositiveLogInTests" tests="1" failures="0" timestamp="23 Dec 2020 02:31:14 GMT" time="20.255" errors="0">
  <testcase name="logInTest" time="20.255" classname="net.thomasmaestas.selenium.loginpagetests.PositiveLogInTests"/>
</testsuite> <!-- net.thomasmaestas.selenium.loginpagetests.PositiveLogInTests -->
