<?xml version="1.0" encoding="UTF-8"?>
<!-- Generated by org.testng.reporters.JUnitReportReporter -->
<testsuite hostname="Dee-PC" failures="0" tests="4" name="com.herokuapp.theinternet.NegativeTests" time="34.757" errors="0" timestamp="13 Sep 2018 14:25:11 GMT" skipped="0">
  <testcase classname="com.herokuapp.theinternet.NegativeTests" name="negativeTest" time="11.058"/>
  <testcase classname="com.herokuapp.theinternet.NegativeTests" name="negativeTest" time="7.909"/>
  <testcase classname="com.herokuapp.theinternet.NegativeTests" name="negativeTest" time="8.096"/>
  <testcase classname="com.herokuapp.theinternet.NegativeTests" name="negativeTest" time="7.694"/>
</testsuite> <!-- com.herokuapp.theinternet.NegativeTests -->
