<?xml version="1.0" encoding="UTF-8"?>
<!-- Generated by org.testng.reporters.JUnitReportReporter -->
<testsuite skipped="0" hostname="LAPTOP-43MOIMNV" name="net.thomasmaestas.selenium.keypressestests.KeyPressesTests" tests="2" failures="0" timestamp="20 Dec 2020 03:48:01 GMT" time="22.729" errors="0">
  <testcase name="pressKeyWithActionsTest" time="12.220" classname="net.thomasmaestas.selenium.keypressestests.KeyPressesTests"/>
  <testcase name="pressKeyTest" time="10.509" classname="net.thomasmaestas.selenium.keypressestests.KeyPressesTests"/>
</testsuite> <!-- net.thomasmaestas.selenium.keypressestests.KeyPressesTests -->
