<?xml version="1.0" encoding="UTF-8"?>
<!-- Generated by org.testng.reporters.JUnitReportReporter -->
<testsuite skipped="0" hostname="LAPTOP-43MOIMNV" name="net.thomasmaestas.selenium.checkboxespagetests.CheckboxesTests" tests="1" failures="0" timestamp="20 Dec 2020 03:48:01 GMT" time="20.068" errors="0">
  <testcase name="selectingTwoCheckboxesTest" time="20.068" classname="net.thomasmaestas.selenium.checkboxespagetests.CheckboxesTests"/>
</testsuite> <!-- net.thomasmaestas.selenium.checkboxespagetests.CheckboxesTests -->
