<?xml version="1.0" encoding="UTF-8"?>
<!-- Generated by org.testng.reporters.JUnitReportReporter -->
<testsuite skipped="0" hostname="LAPTOP-43MOIMNV" name="net.thomasmaestas.selenium.alertstests.AlertsTests" tests="3" failures="0" timestamp="23 Dec 2020 02:31:15 GMT" time="41.581" errors="0">
  <testcase name="jsPromptTest" time="15.189" classname="net.thomasmaestas.selenium.alertstests.AlertsTests"/>
  <testcase name="jsAlertTest" time="13.125" classname="net.thomasmaestas.selenium.alertstests.AlertsTests"/>
  <testcase name="jsDismissTest" time="13.267" classname="net.thomasmaestas.selenium.alertstests.AlertsTests"/>
</testsuite> <!-- net.thomasmaestas.selenium.alertstests.AlertsTests -->
