<?xml version="1.0" encoding="UTF-8"?>
<!-- Generated by org.testng.reporters.JUnitReportReporter -->
<testsuite skipped="0" hostname="LAPTOP-43MOIMNV" name="net.thomasmaestas.selenium.dropdowntests.DropdownTests" tests="1" failures="0" timestamp="20 Dec 2020 03:48:02 GMT" time="18.720" errors="0">
  <testcase name="optionTwoTest" time="18.720" classname="net.thomasmaestas.selenium.dropdowntests.DropdownTests"/>
</testsuite> <!-- net.thomasmaestas.selenium.dropdowntests.DropdownTests -->
