<?xml version="1.0" encoding="UTF-8"?>
<!-- Generated by org.testng.reporters.JUnitReportReporter -->
<testsuite skipped="0" hostname="LAPTOP-43MOIMNV" name="net.thomasmaestas.selenium.PositiveTests" tests="1" failures="0" timestamp="19 Dec 2020 03:50:24 GMT" time="10.394" errors="0">
  <testcase name="logInTest" time="10.394" classname="net.thomasmaestas.selenium.PositiveTests"/>
</testsuite> <!-- net.thomasmaestas.selenium.PositiveTests -->
