<?xml version="1.0" encoding="UTF-8"?>
<!-- Generated by org.testng.reporters.JUnitReportReporter -->
<testsuite skipped="0" hostname="LAPTOP-43MOIMNV" name="net.thomasmaestas.selenium.uploadtests.UploadTests" tests="3" failures="0" timestamp="20 Dec 2020 03:48:02 GMT" time="42.622" errors="0">
  <testcase name="fileUploadTest" time="12.144" classname="net.thomasmaestas.selenium.uploadtests.UploadTests"/>
  <testcase name="fileUploadTest" time="11.956" classname="net.thomasmaestas.selenium.uploadtests.UploadTests"/>
  <testcase name="fileUploadTest" time="18.522" classname="net.thomasmaestas.selenium.uploadtests.UploadTests"/>
</testsuite> <!-- net.thomasmaestas.selenium.uploadtests.UploadTests -->
