<?xml version="1.0" encoding="UTF-8"?>
<!-- Generated by org.testng.reporters.JUnitReportReporter -->
<testsuite skipped="0" hostname="LAPTOP-43MOIMNV" name="net.thomasmaestas.selenium.uploadtests.UploadTests" tests="3" failures="0" timestamp="23 Dec 2020 02:31:15 GMT" time="39.793" errors="0">
  <testcase name="fileUploadTest" time="11.229" classname="net.thomasmaestas.selenium.uploadtests.UploadTests"/>
  <testcase name="fileUploadTest" time="16.535" classname="net.thomasmaestas.selenium.uploadtests.UploadTests"/>
  <testcase name="fileUploadTest" time="12.029" classname="net.thomasmaestas.selenium.uploadtests.UploadTests"/>
</testsuite> <!-- net.thomasmaestas.selenium.uploadtests.UploadTests -->
