<?xml version="1.0" encoding="UTF-8"?>
<!-- Generated by org.testng.reporters.JUnitReportReporter -->
<testsuite skipped="0" hostname="LAPTOP-43MOIMNV" name="net.thomasmaestas.selenium.loginpagetests.PositiveLogInTests" tests="1" failures="0" timestamp="30 Dec 2020 00:01:12 GMT" time="15.374" errors="0">
  <testcase name="logInTest" time="15.374" classname="net.thomasmaestas.selenium.loginpagetests.PositiveLogInTests"/>
</testsuite> <!-- net.thomasmaestas.selenium.loginpagetests.PositiveLogInTests -->
